%!Adobe-FontList 1.13
%Locale:0x1009

%BeginFont
Handler:DirectoryHandler
FontType:TrueType
FontName:Muli-Bold
FamilyName:Muli
StyleName:Bold
FullName:Muli Bold
MenuName:Muli
StyleBits:2
WritingScript:Roman
OutlineFileName:C:\Transfer\APR18\All-Your-Cores-Flyer--1524053519\Document fonts\Muli-Bold.ttf
DataFormat:sfntData
FileLength:93816
FileModTime:1509374196
WeightClass:700
WidthClass:5
AngleClass:0
%EndFont

%BeginFont
Handler:DirectoryHandler
FontType:TrueType
FontName:Muli-Regular
FamilyName:Muli
StyleName:Regular
FullName:Muli Regular
MenuName:Muli
StyleBits:0
WritingScript:Roman
OutlineFileName:C:\Transfer\APR18\All-Your-Cores-Flyer--1524053519\Document fonts\Muli-Regular.ttf
DataFormat:sfntData
FileLength:94320
FileModTime:1509374196
WeightClass:400
WidthClass:5
AngleClass:0
%EndFont

%BeginFont
Handler:DirectoryHandler
FontType:TrueType
FontName:Muli-SemiBold
FamilyName:Muli
StyleName:SemiBold
FullName:Muli SemiBold
MenuName:Muli SemiBold
StyleBits:0
WritingScript:Roman
OutlineFileName:C:\Transfer\APR18\All-Your-Cores-Flyer--1524053519\Document fonts\Muli-SemiBold.ttf
DataFormat:sfntData
FileLength:93672
FileModTime:1509374196
WeightClass:600
WidthClass:5
AngleClass:0
%EndFont

%BeginFont
Handler:DirectoryHandler
FontType:TrueType
FontName:UbuntuMono-Bold
FamilyName:Ubuntu Mono
StyleName:Bold
FullName:Ubuntu Mono Bold
MenuName:Ubuntu Mono
StyleBits:2
WritingScript:Roman
OutlineFileName:C:\Transfer\APR18\All-Your-Cores-Flyer--1524053519\Document fonts\UbuntuMono-B.ttf
DataFormat:sfntData
FileLength:191400
FileModTime:1509589054
WeightClass:700
WidthClass:5
AngleClass:0
%EndFont

%BeginFont
Handler:DirectoryHandler
FontType:TrueType
FontName:UbuntuMono-Regular
FamilyName:Ubuntu Mono
StyleName:Regular
FullName:Ubuntu Mono
MenuName:Ubuntu Mono
StyleBits:0
WritingScript:Roman
OutlineFileName:C:\Transfer\APR18\All-Your-Cores-Flyer--1524053519\Document fonts\UbuntuMono-R.ttf
DataFormat:sfntData
FileLength:205748
FileModTime:1509589054
WeightClass:400
WidthClass:5
AngleClass:0
%EndFont

