%!Adobe-FontList 1.13
%Locale:0x1009

%BeginFont
Handler:DirectoryHandler
FontType:TrueType
FontName:Roboto-Black
FamilyName:Roboto
StyleName:Black
FullName:Roboto Black
MenuName:Roboto Black
StyleBits:0
WritingScript:Roman
OutlineFileName:C:\VBFlyers\Perl6\TimToady-Brochure\SRC\TimToady-Brochure--US-Letter\Document fonts\Roboto-Black.ttf
DataFormat:sfntData
FileLength:171480
FileModTime:1357707600
WeightClass:900
WidthClass:5
AngleClass:0
%EndFont

%BeginFont
Handler:DirectoryHandler
FontType:TrueType
FontName:Roboto-Bold
FamilyName:Roboto
StyleName:Bold
FullName:Roboto Bold
MenuName:Roboto
StyleBits:2
WritingScript:Roman
OutlineFileName:C:\VBFlyers\Perl6\TimToady-Brochure\SRC\TimToady-Brochure--US-Letter\Document fonts\Roboto-Bold.ttf
DataFormat:sfntData
FileLength:170760
FileModTime:1357707600
WeightClass:700
WidthClass:5
AngleClass:0
%EndFont

%BeginFont
Handler:DirectoryHandler
FontType:TrueType
FontName:Roboto-Italic
FamilyName:Roboto
StyleName:Italic
FullName:Roboto Italic
MenuName:Roboto
StyleBits:1
WritingScript:Roman
OutlineFileName:C:\VBFlyers\Perl6\TimToady-Brochure\SRC\TimToady-Brochure--US-Letter\Document fonts\Roboto-Italic.ttf
DataFormat:sfntData
FileLength:173932
FileModTime:1357707600
WeightClass:400
WidthClass:5
AngleClass:1
%EndFont

%BeginFont
Handler:DirectoryHandler
FontType:TrueType
FontName:Roboto-Medium
FamilyName:Roboto
StyleName:Medium
FullName:Roboto Medium
MenuName:Roboto Medium
StyleBits:0
WritingScript:Roman
OutlineFileName:C:\VBFlyers\Perl6\TimToady-Brochure\SRC\TimToady-Brochure--US-Letter\Document fonts\Roboto-Medium.ttf
DataFormat:sfntData
FileLength:172064
FileModTime:1357707600
WeightClass:500
WidthClass:5
AngleClass:0
%EndFont

%BeginFont
Handler:DirectoryHandler
FontType:TrueType
FontName:Roboto-Regular
FamilyName:Roboto
StyleName:Regular
FullName:Roboto
MenuName:Roboto
StyleBits:0
WritingScript:Roman
OutlineFileName:C:\VBFlyers\Perl6\TimToady-Brochure\SRC\TimToady-Brochure--US-Letter\Document fonts\Roboto-Regular.ttf
DataFormat:sfntData
FileLength:171676
FileModTime:1357707600
WeightClass:400
WidthClass:5
AngleClass:0
%EndFont

